<?xml version="1.0" encoding="UTF-8"?>
<testng-results skipped="0" failed="0" ignored="0" total="1" passed="1">
  <reporter-output>
  </reporter-output>
  <suite name="Default suite" duration-ms="10365" started-at="2021-10-27T17:55:56 CDT" finished-at="2021-10-27T17:56:07 CDT">
    <groups>
    </groups>
    <test name="Default test" duration-ms="10365" started-at="2021-10-27T17:55:56 CDT" finished-at="2021-10-27T17:56:07 CDT">
      <class name="Test.LoginPageTest">
        <test-method status="PASS" signature="setUp()[pri:0, instance:Test.LoginPageTest@36b4cef0]" name="setUp" is-config="true" duration-ms="7209" started-at="2021-10-27T17:55:56 CDT" finished-at="2021-10-27T17:56:04 CDT">
          <reporter-output>
          </reporter-output>
        </test-method> <!-- setUp -->
        <test-method status="PASS" signature="loginTest()[pri:0, instance:Test.LoginPageTest@36b4cef0]" name="loginTest" duration-ms="3011" started-at="2021-10-27T17:56:04 CDT" finished-at="2021-10-27T17:56:07 CDT">
          <reporter-output>
          </reporter-output>
        </test-method> <!-- loginTest -->
      </class> <!-- Test.LoginPageTest -->
    </test> <!-- Default test -->
  </suite> <!-- Default suite -->
</testng-results>
